2017-02-20 20:42:15,584 configurexml.ErrorHandler             ERROR - File not found while opening file /home/pi/.jmri/My_JRMI_Railroad/roster.xml Exception: java.io.FileNotFoundException: /home/pi/.jmri/My_JRMI_Railroad/roster.xml (No such file or directory) [AWT-EventQueue-0]
java.io.FileNotFoundException: /home/pi/.jmri/My_JRMI_Railroad/roster.xml (No such file or directory)
	at java.io.FileInputStream.open0(Native Method)
	at java.io.FileInputStream.open(FileInputStream.java:195)
	at java.io.FileInputStream.<init>(FileInputStream.java:138)
	at java.io.FileInputStream.<init>(FileInputStream.java:93)
	at sun.net.www.protocol.file.FileURLConnection.connect(FileURLConnection.java:90)
	at sun.net.www.protocol.file.FileURLConnection.getInputStream(FileURLConnection.java:188)
	at jmri.jmrit.XmlFile.rootFromURL(XmlFile.java:150)
	at jmri.configurexml.ConfigXmlManager.loadOnSwingThread(ConfigXmlManager.java:601)
	at jmri.configurexml.ConfigXmlManager.lambda$0(ConfigXmlManager.java:575)
	at java.awt.event.InvocationEvent.dispatch(InvocationEvent.java:301)
	at java.awt.EventQueue.dispatchEventImpl(EventQueue.java:756)
	at java.awt.EventQueue.access$500(EventQueue.java:97)
	at java.awt.EventQueue$3.run(EventQueue.java:709)
	at java.awt.EventQueue$3.run(EventQueue.java:703)
	at java.security.AccessController.doPrivileged(Native Method)
	at java.security.ProtectionDomain$JavaSecurityAccessImpl.doIntersectionPrivilege(ProtectionDomain.java:76)
	at java.awt.EventQueue.dispatchEvent(EventQueue.java:726)
	at java.awt.EventDispatchThread.pumpOneEventForFilters(EventDispatchThread.java:201)
	at java.awt.EventDispatchThread.pumpEventsForFilter(EventDispatchThread.java:116)
	at java.awt.EventDispatchThread.pumpEventsForHierarchy(EventDispatchThread.java:105)
	at java.awt.EventDispatchThread.pumpEvents(EventDispatchThread.java:101)
	at java.awt.EventDispatchThread.pumpEvents(EventDispatchThread.java:93)
	at java.awt.EventDispatchThread.run(EventDispatchThread.java:82)
2017-02-20 20:42:15,633 configurexml.ConfigXmlManager         INFO  - Not recording file history [AWT-EventQueue-0]
2017-02-20 20:42:15,873 automat.AbstractAutomaton             WARN  - Exception ends AbstractAutomaton thread: java.lang.NullPointerException: Required nonnull default for jmri.ThrottleManager does not exist. [__main__$BackAndForthTimed$0]
java.lang.NullPointerException: Required nonnull default for jmri.ThrottleManager does not exist.
	at java.util.Objects.requireNonNull(Objects.java:228)
	at jmri.InstanceManager.getDefault(InstanceManager.java:182)
	at jmri.jmrit.automat.AbstractAutomaton.getThrottle(AbstractAutomaton.java:854)
	at jmri.jmrit.automat.AbstractAutomaton.getThrottle(AbstractAutomaton.java:882)
	at sun.reflect.NativeMethodAccessorImpl.invoke0(Native Method)
	at sun.reflect.NativeMethodAccessorImpl.invoke(NativeMethodAccessorImpl.java:62)
	at sun.reflect.DelegatingMethodAccessorImpl.invoke(DelegatingMethodAccessorImpl.java:43)
	at java.lang.reflect.Method.invoke(Method.java:497)
	at org.python.core.PyReflectedFunction.__call__(PyReflectedFunction.java:186)
	at org.python.core.PyReflectedFunction.__call__(PyReflectedFunction.java:204)
	at org.python.core.PyObject.__call__(PyObject.java:422)
	at org.python.core.PyObject.__call__(PyObject.java:426)
	at org.python.core.PyMethod.__call__(PyMethod.java:139)
	at org.python.pycode._pyx0.init$2(importTest.py:54)
	at org.python.pycode._pyx0.call_function(importTest.py)
	at org.python.core.PyTableCode.call(PyTableCode.java:165)
	at org.python.core.PyBaseCode.call(PyBaseCode.java:301)
	at org.python.core.PyBaseCode.call(PyBaseCode.java:194)
	at org.python.core.PyFunction.__call__(PyFunction.java:387)
	at org.python.core.PyMethod.instancemethod___call__(PyMethod.java:220)
	at org.python.core.PyMethod.__call__(PyMethod.java:211)
	at org.python.core.PyMethod.__call__(PyMethod.java:201)
	at org.python.core.PyMethod.__call__(PyMethod.java:196)
	at org.python.core.PyObject._jcallexc(PyObject.java:3502)
	at org.python.core.PyObject._jcall(PyObject.java:3534)
	at org.python.proxies.__main__$BackAndForthTimed$0.init(Unknown Source)
	at jmri.jmrit.automat.AbstractAutomaton.run(AbstractAutomaton.java:136)
	at java.lang.Thread.run(Thread.java:745)
2017-02-20 20:44:27,937 configurexml.ErrorHandler             ERROR - File not found while opening file /root/.jmri/My_JRMI_Railroad/roster.xml Exception: java.io.FileNotFoundException: /root/.jmri/My_JRMI_Railroad/roster.xml (No such file or directory) [AWT-EventQueue-0]
java.io.FileNotFoundException: /root/.jmri/My_JRMI_Railroad/roster.xml (No such file or directory)
	at java.io.FileInputStream.open0(Native Method)
	at java.io.FileInputStream.open(FileInputStream.java:195)
	at java.io.FileInputStream.<init>(FileInputStream.java:138)
	at java.io.FileInputStream.<init>(FileInputStream.java:93)
	at sun.net.www.protocol.file.FileURLConnection.connect(FileURLConnection.java:90)
	at sun.net.www.protocol.file.FileURLConnection.getInputStream(FileURLConnection.java:188)
	at jmri.jmrit.XmlFile.rootFromURL(XmlFile.java:150)
	at jmri.configurexml.ConfigXmlManager.loadOnSwingThread(ConfigXmlManager.java:601)
	at jmri.configurexml.ConfigXmlManager.lambda$0(ConfigXmlManager.java:575)
	at java.awt.event.InvocationEvent.dispatch(InvocationEvent.java:301)
	at java.awt.EventQueue.dispatchEventImpl(EventQueue.java:756)
	at java.awt.EventQueue.access$500(EventQueue.java:97)
	at java.awt.EventQueue$3.run(EventQueue.java:709)
	at java.awt.EventQueue$3.run(EventQueue.java:703)
	at java.security.AccessController.doPrivileged(Native Method)
	at java.security.ProtectionDomain$JavaSecurityAccessImpl.doIntersectionPrivilege(ProtectionDomain.java:76)
	at java.awt.EventQueue.dispatchEvent(EventQueue.java:726)
	at java.awt.EventDispatchThread.pumpOneEventForFilters(EventDispatchThread.java:201)
	at java.awt.EventDispatchThread.pumpEventsForFilter(EventDispatchThread.java:116)
	at java.awt.EventDispatchThread.pumpEventsForHierarchy(EventDispatchThread.java:105)
	at java.awt.EventDispatchThread.pumpEvents(EventDispatchThread.java:101)
	at java.awt.EventDispatchThread.pumpEvents(EventDispatchThread.java:93)
	at java.awt.EventDispatchThread.run(EventDispatchThread.java:82)
2017-02-20 20:44:27,997 configurexml.ConfigXmlManager         INFO  - Not recording file history [AWT-EventQueue-0]
2017-02-20 20:44:28,218 automat.AbstractAutomaton             WARN  - Exception ends AbstractAutomaton thread: java.lang.NullPointerException: Required nonnull default for jmri.ThrottleManager does not exist. [__main__$BackAndForthTimed$0]
java.lang.NullPointerException: Required nonnull default for jmri.ThrottleManager does not exist.
	at java.util.Objects.requireNonNull(Objects.java:228)
	at jmri.InstanceManager.getDefault(InstanceManager.java:182)
	at jmri.jmrit.automat.AbstractAutomaton.getThrottle(AbstractAutomaton.java:854)
	at jmri.jmrit.automat.AbstractAutomaton.getThrottle(AbstractAutomaton.java:882)
	at sun.reflect.NativeMethodAccessorImpl.invoke0(Native Method)
	at sun.reflect.NativeMethodAccessorImpl.invoke(NativeMethodAccessorImpl.java:62)
	at sun.reflect.DelegatingMethodAccessorImpl.invoke(DelegatingMethodAccessorImpl.java:43)
	at java.lang.reflect.Method.invoke(Method.java:497)
	at org.python.core.PyReflectedFunction.__call__(PyReflectedFunction.java:186)
	at org.python.core.PyReflectedFunction.__call__(PyReflectedFunction.java:204)
	at org.python.core.PyObject.__call__(PyObject.java:422)
	at org.python.core.PyObject.__call__(PyObject.java:426)
	at org.python.core.PyMethod.__call__(PyMethod.java:139)
	at org.python.pycode._pyx0.init$2(importTest.py:54)
	at org.python.pycode._pyx0.call_function(importTest.py)
	at org.python.core.PyTableCode.call(PyTableCode.java:165)
	at org.python.core.PyBaseCode.call(PyBaseCode.java:301)
	at org.python.core.PyBaseCode.call(PyBaseCode.java:194)
	at org.python.core.PyFunction.__call__(PyFunction.java:387)
	at org.python.core.PyMethod.instancemethod___call__(PyMethod.java:220)
	at org.python.core.PyMethod.__call__(PyMethod.java:211)
	at org.python.core.PyMethod.__call__(PyMethod.java:201)
	at org.python.core.PyMethod.__call__(PyMethod.java:196)
	at org.python.core.PyObject._jcallexc(PyObject.java:3502)
	at org.python.core.PyObject._jcall(PyObject.java:3534)
	at org.python.proxies.__main__$BackAndForthTimed$0.init(Unknown Source)
	at jmri.jmrit.automat.AbstractAutomaton.run(AbstractAutomaton.java:136)
	at java.lang.Thread.run(Thread.java:745)
2017-02-20 20:45:55,768 configurexml.ErrorHandler             ERROR - File not found while opening file /home/pi/.jmri/My_JRMI_Railroad/roster.xml Exception: java.io.FileNotFoundException: /home/pi/.jmri/My_JRMI_Railroad/roster.xml (No such file or directory) [AWT-EventQueue-0]
java.io.FileNotFoundException: /home/pi/.jmri/My_JRMI_Railroad/roster.xml (No such file or directory)
	at java.io.FileInputStream.open0(Native Method)
	at java.io.FileInputStream.open(FileInputStream.java:195)
	at java.io.FileInputStream.<init>(FileInputStream.java:138)
	at java.io.FileInputStream.<init>(FileInputStream.java:93)
	at sun.net.www.protocol.file.FileURLConnection.connect(FileURLConnection.java:90)
	at sun.net.www.protocol.file.FileURLConnection.getInputStream(FileURLConnection.java:188)
	at jmri.jmrit.XmlFile.rootFromURL(XmlFile.java:150)
	at jmri.configurexml.ConfigXmlManager.loadOnSwingThread(ConfigXmlManager.java:601)
	at jmri.configurexml.ConfigXmlManager.lambda$0(ConfigXmlManager.java:575)
	at java.awt.event.InvocationEvent.dispatch(InvocationEvent.java:301)
	at java.awt.EventQueue.dispatchEventImpl(EventQueue.java:756)
	at java.awt.EventQueue.access$500(EventQueue.java:97)
	at java.awt.EventQueue$3.run(EventQueue.java:709)
	at java.awt.EventQueue$3.run(EventQueue.java:703)
	at java.security.AccessController.doPrivileged(Native Method)
	at java.security.ProtectionDomain$JavaSecurityAccessImpl.doIntersectionPrivilege(ProtectionDomain.java:76)
	at java.awt.EventQueue.dispatchEvent(EventQueue.java:726)
	at java.awt.EventDispatchThread.pumpOneEventForFilters(EventDispatchThread.java:201)
	at java.awt.EventDispatchThread.pumpEventsForFilter(EventDispatchThread.java:116)
	at java.awt.EventDispatchThread.pumpEventsForHierarchy(EventDispatchThread.java:105)
	at java.awt.EventDispatchThread.pumpEvents(EventDispatchThread.java:101)
	at java.awt.EventDispatchThread.pumpEvents(EventDispatchThread.java:93)
	at java.awt.EventDispatchThread.run(EventDispatchThread.java:82)
2017-02-20 20:45:55,816 configurexml.ConfigXmlManager         INFO  - Not recording file history [AWT-EventQueue-0]
2017-02-20 20:45:56,079 automat.AbstractAutomaton             WARN  - Exception ends AbstractAutomaton thread: java.lang.NullPointerException: Required nonnull default for jmri.ThrottleManager does not exist. [__main__$BackAndForthTimed$0]
java.lang.NullPointerException: Required nonnull default for jmri.ThrottleManager does not exist.
	at java.util.Objects.requireNonNull(Objects.java:228)
	at jmri.InstanceManager.getDefault(InstanceManager.java:182)
	at jmri.jmrit.automat.AbstractAutomaton.getThrottle(AbstractAutomaton.java:854)
	at jmri.jmrit.automat.AbstractAutomaton.getThrottle(AbstractAutomaton.java:882)
	at sun.reflect.NativeMethodAccessorImpl.invoke0(Native Method)
	at sun.reflect.NativeMethodAccessorImpl.invoke(NativeMethodAccessorImpl.java:62)
	at sun.reflect.DelegatingMethodAccessorImpl.invoke(DelegatingMethodAccessorImpl.java:43)
	at java.lang.reflect.Method.invoke(Method.java:497)
	at org.python.core.PyReflectedFunction.__call__(PyReflectedFunction.java:186)
	at org.python.core.PyReflectedFunction.__call__(PyReflectedFunction.java:204)
	at org.python.core.PyObject.__call__(PyObject.java:422)
	at org.python.core.PyObject.__call__(PyObject.java:426)
	at org.python.core.PyMethod.__call__(PyMethod.java:139)
	at org.python.pycode._pyx0.init$2(importTest.py:55)
	at org.python.pycode._pyx0.call_function(importTest.py)
	at org.python.core.PyTableCode.call(PyTableCode.java:165)
	at org.python.core.PyBaseCode.call(PyBaseCode.java:301)
	at org.python.core.PyBaseCode.call(PyBaseCode.java:194)
	at org.python.core.PyFunction.__call__(PyFunction.java:387)
	at org.python.core.PyMethod.instancemethod___call__(PyMethod.java:220)
	at org.python.core.PyMethod.__call__(PyMethod.java:211)
	at org.python.core.PyMethod.__call__(PyMethod.java:201)
	at org.python.core.PyMethod.__call__(PyMethod.java:196)
	at org.python.core.PyObject._jcallexc(PyObject.java:3502)
	at org.python.core.PyObject._jcall(PyObject.java:3534)
	at org.python.proxies.__main__$BackAndForthTimed$0.init(Unknown Source)
	at jmri.jmrit.automat.AbstractAutomaton.run(AbstractAutomaton.java:136)
	at java.lang.Thread.run(Thread.java:745)
2017-02-20 20:46:47,391 configurexml.ErrorHandler             ERROR - Parse error while parsing file /home/pi/.jmri/My_JMRI_Railroad/roster.xml Exception: org.jdom2.JDOMException: Unable to create SAX2 XMLReader. [AWT-EventQueue-0]
org.jdom2.JDOMException: Unable to create SAX2 XMLReader.
	at org.jdom2.input.sax.XMLReaderSAX2Factory.createXMLReader(XMLReaderSAX2Factory.java:129)
	at org.jdom2.input.SAXBuilder.createParser(SAXBuilder.java:871)
	at org.jdom2.input.SAXBuilder.buildEngine(SAXBuilder.java:854)
	at org.jdom2.input.SAXBuilder.getEngine(SAXBuilder.java:904)
	at org.jdom2.input.SAXBuilder.build(SAXBuilder.java:1091)
	at jmri.jmrit.XmlFile.getRoot(XmlFile.java:171)
	at jmri.jmrit.XmlFile.rootFromURL(XmlFile.java:150)
	at jmri.configurexml.ConfigXmlManager.loadOnSwingThread(ConfigXmlManager.java:601)
	at jmri.configurexml.ConfigXmlManager.lambda$0(ConfigXmlManager.java:575)
	at java.awt.event.InvocationEvent.dispatch(InvocationEvent.java:301)
	at java.awt.EventQueue.dispatchEventImpl(EventQueue.java:756)
	at java.awt.EventQueue.access$500(EventQueue.java:97)
	at java.awt.EventQueue$3.run(EventQueue.java:709)
	at java.awt.EventQueue$3.run(EventQueue.java:703)
	at java.security.AccessController.doPrivileged(Native Method)
	at java.security.ProtectionDomain$JavaSecurityAccessImpl.doIntersectionPrivilege(ProtectionDomain.java:76)
	at java.awt.EventQueue.dispatchEvent(EventQueue.java:726)
	at java.awt.EventDispatchThread.pumpOneEventForFilters(EventDispatchThread.java:201)
	at java.awt.EventDispatchThread.pumpEventsForFilter(EventDispatchThread.java:116)
	at java.awt.EventDispatchThread.pumpEventsForHierarchy(EventDispatchThread.java:105)
	at java.awt.EventDispatchThread.pumpEvents(EventDispatchThread.java:101)
	at java.awt.EventDispatchThread.pumpEvents(EventDispatchThread.java:93)
	at java.awt.EventDispatchThread.run(EventDispatchThread.java:82)
Caused by: org.xml.sax.SAXException: SAX2 driver class org.apache.xerces.parsers.SAXParser not found
java.lang.ClassNotFoundException: org.apache.xerces.parsers.SAXParser
	at org.xml.sax.helpers.XMLReaderFactory.loadClass(XMLReaderFactory.java:230)
	at org.xml.sax.helpers.XMLReaderFactory.createXMLReader(XMLReaderFactory.java:221)
	at org.jdom2.input.sax.XMLReaderSAX2Factory.createXMLReader(XMLReaderSAX2Factory.java:116)
	... 22 more
Caused by: java.lang.ClassNotFoundException: org.apache.xerces.parsers.SAXParser
	at java.net.URLClassLoader.findClass(URLClassLoader.java:381)
	at java.lang.ClassLoader.loadClass(ClassLoader.java:424)
	at sun.misc.Launcher$AppClassLoader.loadClass(Launcher.java:331)
	at java.lang.ClassLoader.loadClass(ClassLoader.java:357)
	at org.xml.sax.helpers.NewInstance.newInstance(NewInstance.java:82)
	at org.xml.sax.helpers.XMLReaderFactory.loadClass(XMLReaderFactory.java:228)
	... 24 more
2017-02-20 20:46:47,436 configurexml.ConfigXmlManager         INFO  - Not recording file history [AWT-EventQueue-0]
2017-02-20 20:46:47,701 automat.AbstractAutomaton             WARN  - Exception ends AbstractAutomaton thread: java.lang.NullPointerException: Required nonnull default for jmri.ThrottleManager does not exist. [__main__$BackAndForthTimed$0]
java.lang.NullPointerException: Required nonnull default for jmri.ThrottleManager does not exist.
	at java.util.Objects.requireNonNull(Objects.java:228)
	at jmri.InstanceManager.getDefault(InstanceManager.java:182)
	at jmri.jmrit.automat.AbstractAutomaton.getThrottle(AbstractAutomaton.java:854)
	at jmri.jmrit.automat.AbstractAutomaton.getThrottle(AbstractAutomaton.java:882)
	at sun.reflect.NativeMethodAccessorImpl.invoke0(Native Method)
	at sun.reflect.NativeMethodAccessorImpl.invoke(NativeMethodAccessorImpl.java:62)
	at sun.reflect.DelegatingMethodAccessorImpl.invoke(DelegatingMethodAccessorImpl.java:43)
	at java.lang.reflect.Method.invoke(Method.java:497)
	at org.python.core.PyReflectedFunction.__call__(PyReflectedFunction.java:186)
	at org.python.core.PyReflectedFunction.__call__(PyReflectedFunction.java:204)
	at org.python.core.PyObject.__call__(PyObject.java:422)
	at org.python.core.PyObject.__call__(PyObject.java:426)
	at org.python.core.PyMethod.__call__(PyMethod.java:139)
	at org.python.pycode._pyx0.init$2(importTest.py:55)
	at org.python.pycode._pyx0.call_function(importTest.py)
	at org.python.core.PyTableCode.call(PyTableCode.java:165)
	at org.python.core.PyBaseCode.call(PyBaseCode.java:301)
	at org.python.core.PyBaseCode.call(PyBaseCode.java:194)
	at org.python.core.PyFunction.__call__(PyFunction.java:387)
	at org.python.core.PyMethod.instancemethod___call__(PyMethod.java:220)
	at org.python.core.PyMethod.__call__(PyMethod.java:211)
	at org.python.core.PyMethod.__call__(PyMethod.java:201)
	at org.python.core.PyMethod.__call__(PyMethod.java:196)
	at org.python.core.PyObject._jcallexc(PyObject.java:3502)
	at org.python.core.PyObject._jcall(PyObject.java:3534)
	at org.python.proxies.__main__$BackAndForthTimed$0.init(Unknown Source)
	at jmri.jmrit.automat.AbstractAutomaton.run(AbstractAutomaton.java:136)
	at java.lang.Thread.run(Thread.java:745)
2017-02-20 20:47:17,887 configurexml.ErrorHandler             ERROR - Parse error while parsing file /home/pi/.jmri/My_JMRI_Railroad/roster.xml Exception: org.jdom2.JDOMException: Unable to create SAX2 XMLReader. [AWT-EventQueue-0]
org.jdom2.JDOMException: Unable to create SAX2 XMLReader.
	at org.jdom2.input.sax.XMLReaderSAX2Factory.createXMLReader(XMLReaderSAX2Factory.java:129)
	at org.jdom2.input.SAXBuilder.createParser(SAXBuilder.java:871)
	at org.jdom2.input.SAXBuilder.buildEngine(SAXBuilder.java:854)
	at org.jdom2.input.SAXBuilder.getEngine(SAXBuilder.java:904)
	at org.jdom2.input.SAXBuilder.build(SAXBuilder.java:1091)
	at jmri.jmrit.XmlFile.getRoot(XmlFile.java:171)
	at jmri.jmrit.XmlFile.rootFromURL(XmlFile.java:150)
	at jmri.configurexml.ConfigXmlManager.loadOnSwingThread(ConfigXmlManager.java:601)
	at jmri.configurexml.ConfigXmlManager.lambda$0(ConfigXmlManager.java:575)
	at java.awt.event.InvocationEvent.dispatch(InvocationEvent.java:301)
	at java.awt.EventQueue.dispatchEventImpl(EventQueue.java:756)
	at java.awt.EventQueue.access$500(EventQueue.java:97)
	at java.awt.EventQueue$3.run(EventQueue.java:709)
	at java.awt.EventQueue$3.run(EventQueue.java:703)
	at java.security.AccessController.doPrivileged(Native Method)
	at java.security.ProtectionDomain$JavaSecurityAccessImpl.doIntersectionPrivilege(ProtectionDomain.java:76)
	at java.awt.EventQueue.dispatchEvent(EventQueue.java:726)
	at java.awt.EventDispatchThread.pumpOneEventForFilters(EventDispatchThread.java:201)
	at java.awt.EventDispatchThread.pumpEventsForFilter(EventDispatchThread.java:116)
	at java.awt.EventDispatchThread.pumpEventsForHierarchy(EventDispatchThread.java:105)
	at java.awt.EventDispatchThread.pumpEvents(EventDispatchThread.java:101)
	at java.awt.EventDispatchThread.pumpEvents(EventDispatchThread.java:93)
	at java.awt.EventDispatchThread.run(EventDispatchThread.java:82)
Caused by: org.xml.sax.SAXException: SAX2 driver class org.apache.xerces.parsers.SAXParser not found
java.lang.ClassNotFoundException: org.apache.xerces.parsers.SAXParser
	at org.xml.sax.helpers.XMLReaderFactory.loadClass(XMLReaderFactory.java:230)
	at org.xml.sax.helpers.XMLReaderFactory.createXMLReader(XMLReaderFactory.java:221)
	at org.jdom2.input.sax.XMLReaderSAX2Factory.createXMLReader(XMLReaderSAX2Factory.java:116)
	... 22 more
Caused by: java.lang.ClassNotFoundException: org.apache.xerces.parsers.SAXParser
	at java.net.URLClassLoader.findClass(URLClassLoader.java:381)
	at java.lang.ClassLoader.loadClass(ClassLoader.java:424)
	at sun.misc.Launcher$AppClassLoader.loadClass(Launcher.java:331)
	at java.lang.ClassLoader.loadClass(ClassLoader.java:357)
	at org.xml.sax.helpers.NewInstance.newInstance(NewInstance.java:82)
	at org.xml.sax.helpers.XMLReaderFactory.loadClass(XMLReaderFactory.java:228)
	... 24 more
2017-02-20 20:47:17,941 configurexml.ConfigXmlManager         INFO  - Not recording file history [AWT-EventQueue-0]
2017-02-20 20:47:18,199 automat.AbstractAutomaton             WARN  - Exception ends AbstractAutomaton thread: java.lang.NullPointerException: Required nonnull default for jmri.ThrottleManager does not exist. [__main__$BackAndForthTimed$0]
java.lang.NullPointerException: Required nonnull default for jmri.ThrottleManager does not exist.
	at java.util.Objects.requireNonNull(Objects.java:228)
	at jmri.InstanceManager.getDefault(InstanceManager.java:182)
	at jmri.jmrit.automat.AbstractAutomaton.getThrottle(AbstractAutomaton.java:854)
	at jmri.jmrit.automat.AbstractAutomaton.getThrottle(AbstractAutomaton.java:882)
	at sun.reflect.NativeMethodAccessorImpl.invoke0(Native Method)
	at sun.reflect.NativeMethodAccessorImpl.invoke(NativeMethodAccessorImpl.java:62)
	at sun.reflect.DelegatingMethodAccessorImpl.invoke(DelegatingMethodAccessorImpl.java:43)
	at java.lang.reflect.Method.invoke(Method.java:497)
	at org.python.core.PyReflectedFunction.__call__(PyReflectedFunction.java:186)
	at org.python.core.PyReflectedFunction.__call__(PyReflectedFunction.java:204)
	at org.python.core.PyObject.__call__(PyObject.java:422)
	at org.python.core.PyObject.__call__(PyObject.java:426)
	at org.python.core.PyMethod.__call__(PyMethod.java:139)
	at org.python.pycode._pyx0.init$2(importTest.py:55)
	at org.python.pycode._pyx0.call_function(importTest.py)
	at org.python.core.PyTableCode.call(PyTableCode.java:165)
	at org.python.core.PyBaseCode.call(PyBaseCode.java:301)
	at org.python.core.PyBaseCode.call(PyBaseCode.java:194)
	at org.python.core.PyFunction.__call__(PyFunction.java:387)
	at org.python.core.PyMethod.instancemethod___call__(PyMethod.java:220)
	at org.python.core.PyMethod.__call__(PyMethod.java:211)
	at org.python.core.PyMethod.__call__(PyMethod.java:201)
	at org.python.core.PyMethod.__call__(PyMethod.java:196)
	at org.python.core.PyObject._jcallexc(PyObject.java:3502)
	at org.python.core.PyObject._jcall(PyObject.java:3534)
	at org.python.proxies.__main__$BackAndForthTimed$0.init(Unknown Source)
	at jmri.jmrit.automat.AbstractAutomaton.run(AbstractAutomaton.java:136)
	at java.lang.Thread.run(Thread.java:745)
2017-02-20 20:51:01,532 configurexml.ErrorHandler             ERROR - Parse error while parsing file /home/pi/.jmri/My_JMRI_Railroad/profile/profile.xml Exception: org.jdom2.JDOMException: Unable to create SAX2 XMLReader. [AWT-EventQueue-0]
org.jdom2.JDOMException: Unable to create SAX2 XMLReader.
	at org.jdom2.input.sax.XMLReaderSAX2Factory.createXMLReader(XMLReaderSAX2Factory.java:129)
	at org.jdom2.input.SAXBuilder.createParser(SAXBuilder.java:871)
	at org.jdom2.input.SAXBuilder.buildEngine(SAXBuilder.java:854)
	at org.jdom2.input.SAXBuilder.getEngine(SAXBuilder.java:904)
	at org.jdom2.input.SAXBuilder.build(SAXBuilder.java:1091)
	at jmri.jmrit.XmlFile.getRoot(XmlFile.java:171)
	at jmri.jmrit.XmlFile.rootFromURL(XmlFile.java:150)
	at jmri.configurexml.ConfigXmlManager.loadOnSwingThread(ConfigXmlManager.java:601)
	at jmri.configurexml.ConfigXmlManager.lambda$0(ConfigXmlManager.java:575)
	at java.awt.event.InvocationEvent.dispatch(InvocationEvent.java:301)
	at java.awt.EventQueue.dispatchEventImpl(EventQueue.java:756)
	at java.awt.EventQueue.access$500(EventQueue.java:97)
	at java.awt.EventQueue$3.run(EventQueue.java:709)
	at java.awt.EventQueue$3.run(EventQueue.java:703)
	at java.security.AccessController.doPrivileged(Native Method)
	at java.security.ProtectionDomain$JavaSecurityAccessImpl.doIntersectionPrivilege(ProtectionDomain.java:76)
	at java.awt.EventQueue.dispatchEvent(EventQueue.java:726)
	at java.awt.EventDispatchThread.pumpOneEventForFilters(EventDispatchThread.java:201)
	at java.awt.EventDispatchThread.pumpEventsForFilter(EventDispatchThread.java:116)
	at java.awt.EventDispatchThread.pumpEventsForHierarchy(EventDispatchThread.java:105)
	at java.awt.EventDispatchThread.pumpEvents(EventDispatchThread.java:101)
	at java.awt.EventDispatchThread.pumpEvents(EventDispatchThread.java:93)
	at java.awt.EventDispatchThread.run(EventDispatchThread.java:82)
Caused by: org.xml.sax.SAXException: SAX2 driver class org.apache.xerces.parsers.SAXParser not found
java.lang.ClassNotFoundException: org.apache.xerces.parsers.SAXParser
	at org.xml.sax.helpers.XMLReaderFactory.loadClass(XMLReaderFactory.java:230)
	at org.xml.sax.helpers.XMLReaderFactory.createXMLReader(XMLReaderFactory.java:221)
	at org.jdom2.input.sax.XMLReaderSAX2Factory.createXMLReader(XMLReaderSAX2Factory.java:116)
	... 22 more
Caused by: java.lang.ClassNotFoundException: org.apache.xerces.parsers.SAXParser
	at java.net.URLClassLoader.findClass(URLClassLoader.java:381)
	at java.lang.ClassLoader.loadClass(ClassLoader.java:424)
	at sun.misc.Launcher$AppClassLoader.loadClass(Launcher.java:331)
	at java.lang.ClassLoader.loadClass(ClassLoader.java:357)
	at org.xml.sax.helpers.NewInstance.newInstance(NewInstance.java:82)
	at org.xml.sax.helpers.XMLReaderFactory.loadClass(XMLReaderFactory.java:228)
	... 24 more
2017-02-20 20:51:01,590 configurexml.ConfigXmlManager         INFO  - Not recording file history [AWT-EventQueue-0]
2017-02-20 20:51:01,850 automat.AbstractAutomaton             WARN  - Exception ends AbstractAutomaton thread: java.lang.NullPointerException: Required nonnull default for jmri.ThrottleManager does not exist. [__main__$BackAndForthTimed$0]
java.lang.NullPointerException: Required nonnull default for jmri.ThrottleManager does not exist.
	at java.util.Objects.requireNonNull(Objects.java:228)
	at jmri.InstanceManager.getDefault(InstanceManager.java:182)
	at jmri.jmrit.automat.AbstractAutomaton.getThrottle(AbstractAutomaton.java:854)
	at jmri.jmrit.automat.AbstractAutomaton.getThrottle(AbstractAutomaton.java:882)
	at sun.reflect.NativeMethodAccessorImpl.invoke0(Native Method)
	at sun.reflect.NativeMethodAccessorImpl.invoke(NativeMethodAccessorImpl.java:62)
	at sun.reflect.DelegatingMethodAccessorImpl.invoke(DelegatingMethodAccessorImpl.java:43)
	at java.lang.reflect.Method.invoke(Method.java:497)
	at org.python.core.PyReflectedFunction.__call__(PyReflectedFunction.java:186)
	at org.python.core.PyReflectedFunction.__call__(PyReflectedFunction.java:204)
	at org.python.core.PyObject.__call__(PyObject.java:422)
	at org.python.core.PyObject.__call__(PyObject.java:426)
	at org.python.core.PyMethod.__call__(PyMethod.java:139)
	at org.python.pycode._pyx0.init$2(importTest.py:55)
	at org.python.pycode._pyx0.call_function(importTest.py)
	at org.python.core.PyTableCode.call(PyTableCode.java:165)
	at org.python.core.PyBaseCode.call(PyBaseCode.java:301)
	at org.python.core.PyBaseCode.call(PyBaseCode.java:194)
	at org.python.core.PyFunction.__call__(PyFunction.java:387)
	at org.python.core.PyMethod.instancemethod___call__(PyMethod.java:220)
	at org.python.core.PyMethod.__call__(PyMethod.java:211)
	at org.python.core.PyMethod.__call__(PyMethod.java:201)
	at org.python.core.PyMethod.__call__(PyMethod.java:196)
	at org.python.core.PyObject._jcallexc(PyObject.java:3502)
	at org.python.core.PyObject._jcall(PyObject.java:3534)
	at org.python.proxies.__main__$BackAndForthTimed$0.init(Unknown Source)
	at jmri.jmrit.automat.AbstractAutomaton.run(AbstractAutomaton.java:136)
	at java.lang.Thread.run(Thread.java:745)
2017-02-20 20:51:38,215 configurexml.ErrorHandler             ERROR - Parse error while parsing file /home/pi/.jmri/My_JMRI_Railroad/profile/profile.properties Exception: org.jdom2.JDOMException: Unable to create SAX2 XMLReader. [AWT-EventQueue-0]
org.jdom2.JDOMException: Unable to create SAX2 XMLReader.
	at org.jdom2.input.sax.XMLReaderSAX2Factory.createXMLReader(XMLReaderSAX2Factory.java:129)
	at org.jdom2.input.SAXBuilder.createParser(SAXBuilder.java:871)
	at org.jdom2.input.SAXBuilder.buildEngine(SAXBuilder.java:854)
	at org.jdom2.input.SAXBuilder.getEngine(SAXBuilder.java:904)
	at org.jdom2.input.SAXBuilder.build(SAXBuilder.java:1091)
	at jmri.jmrit.XmlFile.getRoot(XmlFile.java:171)
	at jmri.jmrit.XmlFile.rootFromURL(XmlFile.java:150)
	at jmri.configurexml.ConfigXmlManager.loadOnSwingThread(ConfigXmlManager.java:601)
	at jmri.configurexml.ConfigXmlManager.lambda$0(ConfigXmlManager.java:575)
	at java.awt.event.InvocationEvent.dispatch(InvocationEvent.java:301)
	at java.awt.EventQueue.dispatchEventImpl(EventQueue.java:756)
	at java.awt.EventQueue.access$500(EventQueue.java:97)
	at java.awt.EventQueue$3.run(EventQueue.java:709)
	at java.awt.EventQueue$3.run(EventQueue.java:703)
	at java.security.AccessController.doPrivileged(Native Method)
	at java.security.ProtectionDomain$JavaSecurityAccessImpl.doIntersectionPrivilege(ProtectionDomain.java:76)
	at java.awt.EventQueue.dispatchEvent(EventQueue.java:726)
	at java.awt.EventDispatchThread.pumpOneEventForFilters(EventDispatchThread.java:201)
	at java.awt.EventDispatchThread.pumpEventsForFilter(EventDispatchThread.java:116)
	at java.awt.EventDispatchThread.pumpEventsForHierarchy(EventDispatchThread.java:105)
	at java.awt.EventDispatchThread.pumpEvents(EventDispatchThread.java:101)
	at java.awt.EventDispatchThread.pumpEvents(EventDispatchThread.java:93)
	at java.awt.EventDispatchThread.run(EventDispatchThread.java:82)
Caused by: org.xml.sax.SAXException: SAX2 driver class org.apache.xerces.parsers.SAXParser not found
java.lang.ClassNotFoundException: org.apache.xerces.parsers.SAXParser
	at org.xml.sax.helpers.XMLReaderFactory.loadClass(XMLReaderFactory.java:230)
	at org.xml.sax.helpers.XMLReaderFactory.createXMLReader(XMLReaderFactory.java:221)
	at org.jdom2.input.sax.XMLReaderSAX2Factory.createXMLReader(XMLReaderSAX2Factory.java:116)
	... 22 more
Caused by: java.lang.ClassNotFoundException: org.apache.xerces.parsers.SAXParser
	at java.net.URLClassLoader.findClass(URLClassLoader.java:381)
	at java.lang.ClassLoader.loadClass(ClassLoader.java:424)
	at sun.misc.Launcher$AppClassLoader.loadClass(Launcher.java:331)
	at java.lang.ClassLoader.loadClass(ClassLoader.java:357)
	at org.xml.sax.helpers.NewInstance.newInstance(NewInstance.java:82)
	at org.xml.sax.helpers.XMLReaderFactory.loadClass(XMLReaderFactory.java:228)
	... 24 more
2017-02-20 20:51:38,276 configurexml.ConfigXmlManager         INFO  - Not recording file history [AWT-EventQueue-0]
2017-02-20 20:51:38,546 automat.AbstractAutomaton             WARN  - Exception ends AbstractAutomaton thread: java.lang.NullPointerException: Required nonnull default for jmri.ThrottleManager does not exist. [__main__$BackAndForthTimed$0]
java.lang.NullPointerException: Required nonnull default for jmri.ThrottleManager does not exist.
	at java.util.Objects.requireNonNull(Objects.java:228)
	at jmri.InstanceManager.getDefault(InstanceManager.java:182)
	at jmri.jmrit.automat.AbstractAutomaton.getThrottle(AbstractAutomaton.java:854)
	at jmri.jmrit.automat.AbstractAutomaton.getThrottle(AbstractAutomaton.java:882)
	at sun.reflect.NativeMethodAccessorImpl.invoke0(Native Method)
	at sun.reflect.NativeMethodAccessorImpl.invoke(NativeMethodAccessorImpl.java:62)
	at sun.reflect.DelegatingMethodAccessorImpl.invoke(DelegatingMethodAccessorImpl.java:43)
	at java.lang.reflect.Method.invoke(Method.java:497)
	at org.python.core.PyReflectedFunction.__call__(PyReflectedFunction.java:186)
	at org.python.core.PyReflectedFunction.__call__(PyReflectedFunction.java:204)
	at org.python.core.PyObject.__call__(PyObject.java:422)
	at org.python.core.PyObject.__call__(PyObject.java:426)
	at org.python.core.PyMethod.__call__(PyMethod.java:139)
	at org.python.pycode._pyx0.init$2(importTest.py:55)
	at org.python.pycode._pyx0.call_function(importTest.py)
	at org.python.core.PyTableCode.call(PyTableCode.java:165)
	at org.python.core.PyBaseCode.call(PyBaseCode.java:301)
	at org.python.core.PyBaseCode.call(PyBaseCode.java:194)
	at org.python.core.PyFunction.__call__(PyFunction.java:387)
	at org.python.core.PyMethod.instancemethod___call__(PyMethod.java:220)
	at org.python.core.PyMethod.__call__(PyMethod.java:211)
	at org.python.core.PyMethod.__call__(PyMethod.java:201)
	at org.python.core.PyMethod.__call__(PyMethod.java:196)
	at org.python.core.PyObject._jcallexc(PyObject.java:3502)
	at org.python.core.PyObject._jcall(PyObject.java:3534)
	at org.python.proxies.__main__$BackAndForthTimed$0.init(Unknown Source)
	at jmri.jmrit.automat.AbstractAutomaton.run(AbstractAutomaton.java:136)
	at java.lang.Thread.run(Thread.java:745)
2017-02-20 21:12:03,048 configurexml.ErrorHandler             ERROR - Parse error while parsing file /home/pi/.jmri/My_JMRI_Railroad/profile/profile.properties Exception: org.jdom2.JDOMException: Unable to create SAX2 XMLReader. [AWT-EventQueue-0]
org.jdom2.JDOMException: Unable to create SAX2 XMLReader.
	at org.jdom2.input.sax.XMLReaderSAX2Factory.createXMLReader(XMLReaderSAX2Factory.java:129)
	at org.jdom2.input.SAXBuilder.createParser(SAXBuilder.java:871)
	at org.jdom2.input.SAXBuilder.buildEngine(SAXBuilder.java:854)
	at org.jdom2.input.SAXBuilder.getEngine(SAXBuilder.java:904)
	at org.jdom2.input.SAXBuilder.build(SAXBuilder.java:1091)
	at jmri.jmrit.XmlFile.getRoot(XmlFile.java:171)
	at jmri.jmrit.XmlFile.rootFromURL(XmlFile.java:150)
	at jmri.configurexml.ConfigXmlManager.loadOnSwingThread(ConfigXmlManager.java:601)
	at jmri.configurexml.ConfigXmlManager.lambda$0(ConfigXmlManager.java:575)
	at java.awt.event.InvocationEvent.dispatch(InvocationEvent.java:301)
	at java.awt.EventQueue.dispatchEventImpl(EventQueue.java:756)
	at java.awt.EventQueue.access$500(EventQueue.java:97)
	at java.awt.EventQueue$3.run(EventQueue.java:709)
	at java.awt.EventQueue$3.run(EventQueue.java:703)
	at java.security.AccessController.doPrivileged(Native Method)
	at java.security.ProtectionDomain$JavaSecurityAccessImpl.doIntersectionPrivilege(ProtectionDomain.java:76)
	at java.awt.EventQueue.dispatchEvent(EventQueue.java:726)
	at java.awt.EventDispatchThread.pumpOneEventForFilters(EventDispatchThread.java:201)
	at java.awt.EventDispatchThread.pumpEventsForFilter(EventDispatchThread.java:116)
	at java.awt.EventDispatchThread.pumpEventsForHierarchy(EventDispatchThread.java:105)
	at java.awt.EventDispatchThread.pumpEvents(EventDispatchThread.java:101)
	at java.awt.EventDispatchThread.pumpEvents(EventDispatchThread.java:93)
	at java.awt.EventDispatchThread.run(EventDispatchThread.java:82)
Caused by: org.xml.sax.SAXException: SAX2 driver class org.apache.xerces.parsers.SAXParser not found
java.lang.ClassNotFoundException: org.apache.xerces.parsers.SAXParser
	at org.xml.sax.helpers.XMLReaderFactory.loadClass(XMLReaderFactory.java:230)
	at org.xml.sax.helpers.XMLReaderFactory.createXMLReader(XMLReaderFactory.java:221)
	at org.jdom2.input.sax.XMLReaderSAX2Factory.createXMLReader(XMLReaderSAX2Factory.java:116)
	... 22 more
Caused by: java.lang.ClassNotFoundException: org.apache.xerces.parsers.SAXParser
	at java.net.URLClassLoader.findClass(URLClassLoader.java:381)
	at java.lang.ClassLoader.loadClass(ClassLoader.java:424)
	at sun.misc.Launcher$AppClassLoader.loadClass(Launcher.java:331)
	at java.lang.ClassLoader.loadClass(ClassLoader.java:357)
	at org.xml.sax.helpers.NewInstance.newInstance(NewInstance.java:82)
	at org.xml.sax.helpers.XMLReaderFactory.loadClass(XMLReaderFactory.java:228)
	... 24 more
2017-02-20 21:12:03,290 configurexml.ConfigXmlManager         INFO  - Not recording file history [AWT-EventQueue-0]
2017-02-20 21:12:03,764 automat.AbstractAutomaton             WARN  - Exception ends AbstractAutomaton thread: java.lang.NullPointerException: Required nonnull default for jmri.ThrottleManager does not exist. [__main__$BackAndForthTimed$0]
java.lang.NullPointerException: Required nonnull default for jmri.ThrottleManager does not exist.
	at java.util.Objects.requireNonNull(Objects.java:228)
	at jmri.InstanceManager.getDefault(InstanceManager.java:182)
	at jmri.jmrit.automat.AbstractAutomaton.getThrottle(AbstractAutomaton.java:854)
	at jmri.jmrit.automat.AbstractAutomaton.getThrottle(AbstractAutomaton.java:882)
	at sun.reflect.NativeMethodAccessorImpl.invoke0(Native Method)
	at sun.reflect.NativeMethodAccessorImpl.invoke(NativeMethodAccessorImpl.java:62)
	at sun.reflect.DelegatingMethodAccessorImpl.invoke(DelegatingMethodAccessorImpl.java:43)
	at java.lang.reflect.Method.invoke(Method.java:497)
	at org.python.core.PyReflectedFunction.__call__(PyReflectedFunction.java:186)
	at org.python.core.PyReflectedFunction.__call__(PyReflectedFunction.java:204)
	at org.python.core.PyObject.__call__(PyObject.java:422)
	at org.python.core.PyObject.__call__(PyObject.java:426)
	at org.python.core.PyMethod.__call__(PyMethod.java:139)
	at org.python.pycode._pyx0.init$2(importTest.py:56)
	at org.python.pycode._pyx0.call_function(importTest.py)
	at org.python.core.PyTableCode.call(PyTableCode.java:165)
	at org.python.core.PyBaseCode.call(PyBaseCode.java:301)
	at org.python.core.PyBaseCode.call(PyBaseCode.java:194)
	at org.python.core.PyFunction.__call__(PyFunction.java:387)
	at org.python.core.PyMethod.instancemethod___call__(PyMethod.java:220)
	at org.python.core.PyMethod.__call__(PyMethod.java:211)
	at org.python.core.PyMethod.__call__(PyMethod.java:201)
	at org.python.core.PyMethod.__call__(PyMethod.java:196)
	at org.python.core.PyObject._jcallexc(PyObject.java:3502)
	at org.python.core.PyObject._jcall(PyObject.java:3534)
	at org.python.proxies.__main__$BackAndForthTimed$0.init(Unknown Source)
	at jmri.jmrit.automat.AbstractAutomaton.run(AbstractAutomaton.java:136)
	at java.lang.Thread.run(Thread.java:745)
2017-02-20 21:27:46,030 configurexml.ErrorHandler             ERROR - Parse error while parsing file /home/pi/.jmri/My_JMRI_Railroad/profile/profile.properties Exception: org.jdom2.JDOMException: Unable to create SAX2 XMLReader. [AWT-EventQueue-0]
org.jdom2.JDOMException: Unable to create SAX2 XMLReader.
	at org.jdom2.input.sax.XMLReaderSAX2Factory.createXMLReader(XMLReaderSAX2Factory.java:129)
	at org.jdom2.input.SAXBuilder.createParser(SAXBuilder.java:871)
	at org.jdom2.input.SAXBuilder.buildEngine(SAXBuilder.java:854)
	at org.jdom2.input.SAXBuilder.getEngine(SAXBuilder.java:904)
	at org.jdom2.input.SAXBuilder.build(SAXBuilder.java:1091)
	at jmri.jmrit.XmlFile.getRoot(XmlFile.java:171)
	at jmri.jmrit.XmlFile.rootFromURL(XmlFile.java:150)
	at jmri.configurexml.ConfigXmlManager.loadOnSwingThread(ConfigXmlManager.java:601)
	at jmri.configurexml.ConfigXmlManager.lambda$0(ConfigXmlManager.java:575)
	at java.awt.event.InvocationEvent.dispatch(InvocationEvent.java:301)
	at java.awt.EventQueue.dispatchEventImpl(EventQueue.java:756)
	at java.awt.EventQueue.access$500(EventQueue.java:97)
	at java.awt.EventQueue$3.run(EventQueue.java:709)
	at java.awt.EventQueue$3.run(EventQueue.java:703)
	at java.security.AccessController.doPrivileged(Native Method)
	at java.security.ProtectionDomain$JavaSecurityAccessImpl.doIntersectionPrivilege(ProtectionDomain.java:76)
	at java.awt.EventQueue.dispatchEvent(EventQueue.java:726)
	at java.awt.EventDispatchThread.pumpOneEventForFilters(EventDispatchThread.java:201)
	at java.awt.EventDispatchThread.pumpEventsForFilter(EventDispatchThread.java:116)
	at java.awt.EventDispatchThread.pumpEventsForHierarchy(EventDispatchThread.java:105)
	at java.awt.EventDispatchThread.pumpEvents(EventDispatchThread.java:101)
	at java.awt.EventDispatchThread.pumpEvents(EventDispatchThread.java:93)
	at java.awt.EventDispatchThread.run(EventDispatchThread.java:82)
Caused by: org.xml.sax.SAXException: SAX2 driver class org.apache.xerces.parsers.SAXParser not found
java.lang.ClassNotFoundException: org.apache.xerces.parsers.SAXParser
	at org.xml.sax.helpers.XMLReaderFactory.loadClass(XMLReaderFactory.java:230)
	at org.xml.sax.helpers.XMLReaderFactory.createXMLReader(XMLReaderFactory.java:221)
	at org.jdom2.input.sax.XMLReaderSAX2Factory.createXMLReader(XMLReaderSAX2Factory.java:116)
	... 22 more
Caused by: java.lang.ClassNotFoundException: org.apache.xerces.parsers.SAXParser
	at java.net.URLClassLoader.findClass(URLClassLoader.java:381)
	at java.lang.ClassLoader.loadClass(ClassLoader.java:424)
	at sun.misc.Launcher$AppClassLoader.loadClass(Launcher.java:331)
	at java.lang.ClassLoader.loadClass(ClassLoader.java:357)
	at org.xml.sax.helpers.NewInstance.newInstance(NewInstance.java:82)
	at org.xml.sax.helpers.XMLReaderFactory.loadClass(XMLReaderFactory.java:228)
	... 24 more
2017-02-20 21:27:46,108 configurexml.ConfigXmlManager         INFO  - Not recording file history [AWT-EventQueue-0]
2017-02-20 21:27:46,360 automat.AbstractAutomaton             WARN  - Exception ends AbstractAutomaton thread: java.lang.NullPointerException: Required nonnull default for jmri.ThrottleManager does not exist. [__main__$BackAndForthTimed$0]
java.lang.NullPointerException: Required nonnull default for jmri.ThrottleManager does not exist.
	at java.util.Objects.requireNonNull(Objects.java:228)
	at jmri.InstanceManager.getDefault(InstanceManager.java:182)
	at jmri.jmrit.automat.AbstractAutomaton.getThrottle(AbstractAutomaton.java:854)
	at jmri.jmrit.automat.AbstractAutomaton.getThrottle(AbstractAutomaton.java:882)
	at sun.reflect.NativeMethodAccessorImpl.invoke0(Native Method)
	at sun.reflect.NativeMethodAccessorImpl.invoke(NativeMethodAccessorImpl.java:62)
	at sun.reflect.DelegatingMethodAccessorImpl.invoke(DelegatingMethodAccessorImpl.java:43)
	at java.lang.reflect.Method.invoke(Method.java:497)
	at org.python.core.PyReflectedFunction.__call__(PyReflectedFunction.java:186)
	at org.python.core.PyReflectedFunction.__call__(PyReflectedFunction.java:204)
	at org.python.core.PyObject.__call__(PyObject.java:422)
	at org.python.core.PyObject.__call__(PyObject.java:426)
	at org.python.core.PyMethod.__call__(PyMethod.java:139)
	at org.python.pycode._pyx0.init$2(importTest.py:56)
	at org.python.pycode._pyx0.call_function(importTest.py)
	at org.python.core.PyTableCode.call(PyTableCode.java:165)
	at org.python.core.PyBaseCode.call(PyBaseCode.java:301)
	at org.python.core.PyBaseCode.call(PyBaseCode.java:194)
	at org.python.core.PyFunction.__call__(PyFunction.java:387)
	at org.python.core.PyMethod.instancemethod___call__(PyMethod.java:220)
	at org.python.core.PyMethod.__call__(PyMethod.java:211)
	at org.python.core.PyMethod.__call__(PyMethod.java:201)
	at org.python.core.PyMethod.__call__(PyMethod.java:196)
	at org.python.core.PyObject._jcallexc(PyObject.java:3502)
	at org.python.core.PyObject._jcall(PyObject.java:3534)
	at org.python.proxies.__main__$BackAndForthTimed$0.init(Unknown Source)
	at jmri.jmrit.automat.AbstractAutomaton.run(AbstractAutomaton.java:136)
	at java.lang.Thread.run(Thread.java:745)
2017-02-20 21:28:34,637 configurexml.ErrorHandler             ERROR - Parse error while parsing file /home/pi/.jmri/My_JMRI_Railroad/profile/profile.properties Exception: org.jdom2.JDOMException: Unable to create SAX2 XMLReader. [AWT-EventQueue-0]
org.jdom2.JDOMException: Unable to create SAX2 XMLReader.
	at org.jdom2.input.sax.XMLReaderSAX2Factory.createXMLReader(XMLReaderSAX2Factory.java:129)
	at org.jdom2.input.SAXBuilder.createParser(SAXBuilder.java:871)
	at org.jdom2.input.SAXBuilder.buildEngine(SAXBuilder.java:854)
	at org.jdom2.input.SAXBuilder.getEngine(SAXBuilder.java:904)
	at org.jdom2.input.SAXBuilder.build(SAXBuilder.java:1091)
	at jmri.jmrit.XmlFile.getRoot(XmlFile.java:171)
	at jmri.jmrit.XmlFile.rootFromURL(XmlFile.java:150)
	at jmri.configurexml.ConfigXmlManager.loadOnSwingThread(ConfigXmlManager.java:601)
	at jmri.configurexml.ConfigXmlManager.lambda$0(ConfigXmlManager.java:575)
	at java.awt.event.InvocationEvent.dispatch(InvocationEvent.java:301)
	at java.awt.EventQueue.dispatchEventImpl(EventQueue.java:756)
	at java.awt.EventQueue.access$500(EventQueue.java:97)
	at java.awt.EventQueue$3.run(EventQueue.java:709)
	at java.awt.EventQueue$3.run(EventQueue.java:703)
	at java.security.AccessController.doPrivileged(Native Method)
	at java.security.ProtectionDomain$JavaSecurityAccessImpl.doIntersectionPrivilege(ProtectionDomain.java:76)
	at java.awt.EventQueue.dispatchEvent(EventQueue.java:726)
	at java.awt.EventDispatchThread.pumpOneEventForFilters(EventDispatchThread.java:201)
	at java.awt.EventDispatchThread.pumpEventsForFilter(EventDispatchThread.java:116)
	at java.awt.EventDispatchThread.pumpEventsForHierarchy(EventDispatchThread.java:105)
	at java.awt.EventDispatchThread.pumpEvents(EventDispatchThread.java:101)
	at java.awt.EventDispatchThread.pumpEvents(EventDispatchThread.java:93)
	at java.awt.EventDispatchThread.run(EventDispatchThread.java:82)
Caused by: org.xml.sax.SAXException: SAX2 driver class org.apache.xerces.parsers.SAXParser not found
java.lang.ClassNotFoundException: org.apache.xerces.parsers.SAXParser
	at org.xml.sax.helpers.XMLReaderFactory.loadClass(XMLReaderFactory.java:230)
	at org.xml.sax.helpers.XMLReaderFactory.createXMLReader(XMLReaderFactory.java:221)
	at org.jdom2.input.sax.XMLReaderSAX2Factory.createXMLReader(XMLReaderSAX2Factory.java:116)
	... 22 more
Caused by: java.lang.ClassNotFoundException: org.apache.xerces.parsers.SAXParser
	at java.net.URLClassLoader.findClass(URLClassLoader.java:381)
	at java.lang.ClassLoader.loadClass(ClassLoader.java:424)
	at sun.misc.Launcher$AppClassLoader.loadClass(Launcher.java:331)
	at java.lang.ClassLoader.loadClass(ClassLoader.java:357)
	at org.xml.sax.helpers.NewInstance.newInstance(NewInstance.java:82)
	at org.xml.sax.helpers.XMLReaderFactory.loadClass(XMLReaderFactory.java:228)
	... 24 more
2017-02-20 21:28:34,681 configurexml.ConfigXmlManager         INFO  - Not recording file history [AWT-EventQueue-0]
2017-02-20 21:28:34,947 automat.AbstractAutomaton             WARN  - Exception ends AbstractAutomaton thread: java.lang.NullPointerException: Required nonnull default for jmri.ThrottleManager does not exist. [__main__$BackAndForthTimed$0]
java.lang.NullPointerException: Required nonnull default for jmri.ThrottleManager does not exist.
	at java.util.Objects.requireNonNull(Objects.java:228)
	at jmri.InstanceManager.getDefault(InstanceManager.java:182)
	at jmri.jmrit.automat.AbstractAutomaton.getThrottle(AbstractAutomaton.java:854)
	at jmri.jmrit.automat.AbstractAutomaton.getThrottle(AbstractAutomaton.java:882)
	at sun.reflect.NativeMethodAccessorImpl.invoke0(Native Method)
	at sun.reflect.NativeMethodAccessorImpl.invoke(NativeMethodAccessorImpl.java:62)
	at sun.reflect.DelegatingMethodAccessorImpl.invoke(DelegatingMethodAccessorImpl.java:43)
	at java.lang.reflect.Method.invoke(Method.java:497)
	at org.python.core.PyReflectedFunction.__call__(PyReflectedFunction.java:186)
	at org.python.core.PyReflectedFunction.__call__(PyReflectedFunction.java:204)
	at org.python.core.PyObject.__call__(PyObject.java:422)
	at org.python.core.PyObject.__call__(PyObject.java:426)
	at org.python.core.PyMethod.__call__(PyMethod.java:139)
	at org.python.pycode._pyx0.init$2(importTest.py:56)
	at org.python.pycode._pyx0.call_function(importTest.py)
	at org.python.core.PyTableCode.call(PyTableCode.java:165)
	at org.python.core.PyBaseCode.call(PyBaseCode.java:301)
	at org.python.core.PyBaseCode.call(PyBaseCode.java:194)
	at org.python.core.PyFunction.__call__(PyFunction.java:387)
	at org.python.core.PyMethod.instancemethod___call__(PyMethod.java:220)
	at org.python.core.PyMethod.__call__(PyMethod.java:211)
	at org.python.core.PyMethod.__call__(PyMethod.java:201)
	at org.python.core.PyMethod.__call__(PyMethod.java:196)
	at org.python.core.PyObject._jcallexc(PyObject.java:3502)
	at org.python.core.PyObject._jcall(PyObject.java:3534)
	at org.python.proxies.__main__$BackAndForthTimed$0.init(Unknown Source)
	at jmri.jmrit.automat.AbstractAutomaton.run(AbstractAutomaton.java:136)
	at java.lang.Thread.run(Thread.java:745)
2017-02-20 21:28:52,991 configurexml.ErrorHandler             ERROR - Parse error while parsing file /home/pi/.jmri/My_JMRI_Railroad/profile/profile.properties Exception: org.jdom2.JDOMException: Unable to create SAX2 XMLReader. [AWT-EventQueue-0]
org.jdom2.JDOMException: Unable to create SAX2 XMLReader.
	at org.jdom2.input.sax.XMLReaderSAX2Factory.createXMLReader(XMLReaderSAX2Factory.java:129)
	at org.jdom2.input.SAXBuilder.createParser(SAXBuilder.java:871)
	at org.jdom2.input.SAXBuilder.buildEngine(SAXBuilder.java:854)
	at org.jdom2.input.SAXBuilder.getEngine(SAXBuilder.java:904)
	at org.jdom2.input.SAXBuilder.build(SAXBuilder.java:1091)
	at jmri.jmrit.XmlFile.getRoot(XmlFile.java:171)
	at jmri.jmrit.XmlFile.rootFromURL(XmlFile.java:150)
	at jmri.configurexml.ConfigXmlManager.loadOnSwingThread(ConfigXmlManager.java:601)
	at jmri.configurexml.ConfigXmlManager.lambda$0(ConfigXmlManager.java:575)
	at java.awt.event.InvocationEvent.dispatch(InvocationEvent.java:301)
	at java.awt.EventQueue.dispatchEventImpl(EventQueue.java:756)
	at java.awt.EventQueue.access$500(EventQueue.java:97)
	at java.awt.EventQueue$3.run(EventQueue.java:709)
	at java.awt.EventQueue$3.run(EventQueue.java:703)
	at java.security.AccessController.doPrivileged(Native Method)
	at java.security.ProtectionDomain$JavaSecurityAccessImpl.doIntersectionPrivilege(ProtectionDomain.java:76)
	at java.awt.EventQueue.dispatchEvent(EventQueue.java:726)
	at java.awt.EventDispatchThread.pumpOneEventForFilters(EventDispatchThread.java:201)
	at java.awt.EventDispatchThread.pumpEventsForFilter(EventDispatchThread.java:116)
	at java.awt.EventDispatchThread.pumpEventsForHierarchy(EventDispatchThread.java:105)
	at java.awt.EventDispatchThread.pumpEvents(EventDispatchThread.java:101)
	at java.awt.EventDispatchThread.pumpEvents(EventDispatchThread.java:93)
	at java.awt.EventDispatchThread.run(EventDispatchThread.java:82)
Caused by: org.xml.sax.SAXException: SAX2 driver class org.apache.xerces.parsers.SAXParser not found
java.lang.ClassNotFoundException: org.apache.xerces.parsers.SAXParser
	at org.xml.sax.helpers.XMLReaderFactory.loadClass(XMLReaderFactory.java:230)
	at org.xml.sax.helpers.XMLReaderFactory.createXMLReader(XMLReaderFactory.java:221)
	at org.jdom2.input.sax.XMLReaderSAX2Factory.createXMLReader(XMLReaderSAX2Factory.java:116)
	... 22 more
Caused by: java.lang.ClassNotFoundException: org.apache.xerces.parsers.SAXParser
	at java.net.URLClassLoader.findClass(URLClassLoader.java:381)
	at java.lang.ClassLoader.loadClass(ClassLoader.java:424)
	at sun.misc.Launcher$AppClassLoader.loadClass(Launcher.java:331)
	at java.lang.ClassLoader.loadClass(ClassLoader.java:357)
	at org.xml.sax.helpers.NewInstance.newInstance(NewInstance.java:82)
	at org.xml.sax.helpers.XMLReaderFactory.loadClass(XMLReaderFactory.java:228)
	... 24 more
2017-02-20 21:28:53,103 configurexml.ConfigXmlManager         INFO  - Not recording file history [AWT-EventQueue-0]
2017-02-20 21:28:53,326 automat.AbstractAutomaton             WARN  - Exception ends AbstractAutomaton thread: java.lang.NullPointerException: Required nonnull default for jmri.ThrottleManager does not exist. [__main__$BackAndForthTimed$0]
java.lang.NullPointerException: Required nonnull default for jmri.ThrottleManager does not exist.
	at java.util.Objects.requireNonNull(Objects.java:228)
	at jmri.InstanceManager.getDefault(InstanceManager.java:182)
	at jmri.jmrit.automat.AbstractAutomaton.getThrottle(AbstractAutomaton.java:854)
	at jmri.jmrit.automat.AbstractAutomaton.getThrottle(AbstractAutomaton.java:882)
	at sun.reflect.NativeMethodAccessorImpl.invoke0(Native Method)
	at sun.reflect.NativeMethodAccessorImpl.invoke(NativeMethodAccessorImpl.java:62)
	at sun.reflect.DelegatingMethodAccessorImpl.invoke(DelegatingMethodAccessorImpl.java:43)
	at java.lang.reflect.Method.invoke(Method.java:497)
	at org.python.core.PyReflectedFunction.__call__(PyReflectedFunction.java:186)
	at org.python.core.PyReflectedFunction.__call__(PyReflectedFunction.java:204)
	at org.python.core.PyObject.__call__(PyObject.java:422)
	at org.python.core.PyObject.__call__(PyObject.java:426)
	at org.python.core.PyMethod.__call__(PyMethod.java:139)
	at org.python.pycode._pyx0.init$2(importTest.py:56)
	at org.python.pycode._pyx0.call_function(importTest.py)
	at org.python.core.PyTableCode.call(PyTableCode.java:165)
	at org.python.core.PyBaseCode.call(PyBaseCode.java:301)
	at org.python.core.PyBaseCode.call(PyBaseCode.java:194)
	at org.python.core.PyFunction.__call__(PyFunction.java:387)
	at org.python.core.PyMethod.instancemethod___call__(PyMethod.java:220)
	at org.python.core.PyMethod.__call__(PyMethod.java:211)
	at org.python.core.PyMethod.__call__(PyMethod.java:201)
	at org.python.core.PyMethod.__call__(PyMethod.java:196)
	at org.python.core.PyObject._jcallexc(PyObject.java:3502)
	at org.python.core.PyObject._jcall(PyObject.java:3534)
	at org.python.proxies.__main__$BackAndForthTimed$0.init(Unknown Source)
	at jmri.jmrit.automat.AbstractAutomaton.run(AbstractAutomaton.java:136)
	at java.lang.Thread.run(Thread.java:745)
